{"@timestamp":"2022-06-06T12:19:31.416+05:00","@version":"1","message":"request [PUT http://localhost:9200/persondata/person/1ab1c3c3-bf42-4544-bade-ef6de39a0a12?timeout=1m] returned 1 warnings: [299 Elasticsearch-7.5.2-8bec50e1e0ad29dad5653712cf3bb580cd1afcdf \"[types removal] Specifying types in document index requests is deprecated, use the typeless endpoints instead (/{index}/_doc/{id}, /{index}/_doc, or /{index}/_create/{id}).\"]","logger_name":"org.elasticsearch.client.RestClient","thread_name":"I/O dispatcher 1","level":"WARN","level_value":30000}
{"@timestamp":"2022-06-06T12:19:32.24+05:00","@version":"1","message":"Tomcat initialized with port(s): 8080 (http)","logger_name":"org.springframework.boot.web.embedded.tomcat.TomcatWebServer","thread_name":"main","level":"INFO","level_value":20000}
{"@timestamp":"2022-06-06T12:19:32.247+05:00","@version":"1","message":"Initializing ProtocolHandler [\"http-nio-8080\"]","logger_name":"org.apache.coyote.http11.Http11NioProtocol","thread_name":"main","level":"INFO","level_value":20000}
{"@timestamp":"2022-06-06T12:19:32.253+05:00","@version":"1","message":"Starting service [Tomcat]","logger_name":"org.apache.catalina.core.StandardService","thread_name":"main","level":"INFO","level_value":20000}
{"@timestamp":"2022-06-06T12:19:32.254+05:00","@version":"1","message":"Starting Servlet engine: [Apache Tomcat/9.0.14]","logger_name":"org.apache.catalina.core.StandardEngine","thread_name":"main","level":"INFO","level_value":20000}
{"@timestamp":"2022-06-06T12:19:32.257+05:00","@version":"1","message":"The APR based Apache Tomcat Native library which allows optimal performance in production environments was not found on the java.library.path: [C:\\Program Files\\Java\\jdk-17.0.2\\bin;C:\\Windows\\Sun\\Java\\bin;C:\\Windows\\system32;C:\\Windows;D:\\oracledb\\Clientinstall\\product\\18.0.0\\dbhomeXE\\bin;D:\\setups\\oracle1\\bin;D:\\setups\\oracle\\bin;C:\\Python310\\Scripts\\;C:\\Python310\\;C:\\Program Files\\Common Files\\Oracle\\Java\\javapath;C:\\Program Files (x86)\\Common Files\\Oracle\\Java\\javapath;C:\\Windows\\system32;C:\\Windows;C:\\Windows\\System32\\Wbem;C:\\Windows\\System32\\WindowsPowerShell\\v1.0\\;C:\\Windows\\System32\\OpenSSH\\;C:\\ProgramData\\chocolatey\\bin;C:\\Program Files\\TortoiseSVN\\bin;C:\\Program Files (x86)\\NVIDIA Corporation\\PhysX\\Common;C:\\Program Files\\NVIDIA Corporation\\NVIDIA NvDLISR;D:\\setups\\apache-maven-3.8.4\\bin;C:\\Program Files\\Git\\cmd;C:\\Program Files\\dotnet\\;C:\\Users\\mohammad.saqib\\AppData\\Roaming\\nvm;C:\\Program Files\\nodejs;C:\\Program Files\\Docker\\Docker\\resources\\bin;C:\\ProgramData\\DockerDesktop\\version-bin;C:\\Users\\mohammad.saqib\\AppData\\Local\\Microsoft\\WindowsApps;C:\\Users\\mohammad.saqib\\AppData\\Roaming\\npm;C:\\Microsoft VS Code\\bin;C:\\Program Files\\JetBrains\\IntelliJ IDEA 2021.3.2\\bin;C:\\Users\\mohammad.saqib\\AppData\\Local\\GitHubDesktop\\bin;.]","logger_name":"org.apache.catalina.core.AprLifecycleListener","thread_name":"main","level":"INFO","level_value":20000}
{"@timestamp":"2022-06-06T12:19:32.334+05:00","@version":"1","message":"Initializing Spring embedded WebApplicationContext","logger_name":"org.apache.catalina.core.ContainerBase.[Tomcat].[localhost].[/]","thread_name":"main","level":"INFO","level_value":20000}
{"@timestamp":"2022-06-06T12:19:32.334+05:00","@version":"1","message":"Root WebApplicationContext: initialization completed in 721 ms","logger_name":"org.springframework.web.context.ContextLoader","thread_name":"main","level":"INFO","level_value":20000}
{"@timestamp":"2022-06-06T12:19:32.624+05:00","@version":"1","message":"Initializing ExecutorService 'applicationTaskExecutor'","logger_name":"org.springframework.scheduling.concurrent.ThreadPoolTaskExecutor","thread_name":"main","level":"INFO","level_value":20000}
{"@timestamp":"2022-06-06T12:19:32.79+05:00","@version":"1","message":"Exposing 16 endpoint(s) beneath base path '/actuator'","logger_name":"org.springframework.boot.actuate.endpoint.web.EndpointLinksResolver","thread_name":"main","level":"INFO","level_value":20000}
{"@timestamp":"2022-06-06T12:19:32.817+05:00","@version":"1","message":"Starting ProtocolHandler [\"http-nio-8080\"]","logger_name":"org.apache.coyote.http11.Http11NioProtocol","thread_name":"main","level":"INFO","level_value":20000}
{"@timestamp":"2022-06-06T12:19:32.829+05:00","@version":"1","message":"Tomcat started on port(s): 8080 (http) with context path ''","logger_name":"org.springframework.boot.web.embedded.tomcat.TomcatWebServer","thread_name":"main","level":"INFO","level_value":20000}
{"@timestamp":"2022-06-06T12:19:32.95+05:00","@version":"1","message":"Initializing Spring DispatcherServlet 'dispatcherServlet'","logger_name":"org.apache.catalina.core.ContainerBase.[Tomcat].[localhost].[/]","thread_name":"http-nio-8080-exec-1","level":"INFO","level_value":20000}
{"@timestamp":"2022-06-06T12:19:32.951+05:00","@version":"1","message":"Initializing Servlet 'dispatcherServlet'","logger_name":"org.springframework.web.servlet.DispatcherServlet","thread_name":"http-nio-8080-exec-1","level":"INFO","level_value":20000}
{"@timestamp":"2022-06-06T12:19:32.954+05:00","@version":"1","message":"Completed initialization in 3 ms","logger_name":"org.springframework.web.servlet.DispatcherServlet","thread_name":"http-nio-8080-exec-1","level":"INFO","level_value":20000}
{"@timestamp":"2022-06-06T12:19:49.504+05:00","@version":"1","message":"error log","logger_name":"SpringBootMicrometerApplication","thread_name":"http-nio-8080-exec-5","level":"INFO","level_value":20000}
{"@timestamp":"2022-06-06T12:19:51.363+05:00","@version":"1","message":"error log","logger_name":"SpringBootMicrometerApplication","thread_name":"http-nio-8080-exec-9","level":"INFO","level_value":20000}
{"@timestamp":"2022-06-06T12:19:51.535+05:00","@version":"1","message":"error log","logger_name":"SpringBootMicrometerApplication","thread_name":"http-nio-8080-exec-7","level":"INFO","level_value":20000}
{"@timestamp":"2022-06-06T12:19:51.967+05:00","@version":"1","message":"error log","logger_name":"SpringBootMicrometerApplication","thread_name":"http-nio-8080-exec-6","level":"INFO","level_value":20000}
{"@timestamp":"2022-06-06T12:25:26.566+05:00","@version":"1","message":"error log","logger_name":"SpringBootMicrometerApplication","thread_name":"http-nio-8080-exec-7","level":"INFO","level_value":20000}
{"@timestamp":"2022-06-06T12:25:27.142+05:00","@version":"1","message":"error log","logger_name":"SpringBootMicrometerApplication","thread_name":"http-nio-8080-exec-8","level":"INFO","level_value":20000}
{"@timestamp":"2022-06-06T12:25:27.539+05:00","@version":"1","message":"error log","logger_name":"SpringBootMicrometerApplication","thread_name":"http-nio-8080-exec-10","level":"INFO","level_value":20000}
{"@timestamp":"2022-06-06T12:27:15.726+05:00","@version":"1","message":"error log","logger_name":"SpringBootMicrometerApplication","thread_name":"http-nio-8080-exec-3","level":"INFO","level_value":20000}
{"@timestamp":"2022-06-06T12:27:15.902+05:00","@version":"1","message":"error log","logger_name":"SpringBootMicrometerApplication","thread_name":"http-nio-8080-exec-4","level":"INFO","level_value":20000}
{"@timestamp":"2022-06-06T12:27:16.087+05:00","@version":"1","message":"error log","logger_name":"SpringBootMicrometerApplication","thread_name":"http-nio-8080-exec-5","level":"INFO","level_value":20000}
{"@timestamp":"2022-06-06T12:27:16.275+05:00","@version":"1","message":"error log","logger_name":"SpringBootMicrometerApplication","thread_name":"http-nio-8080-exec-9","level":"INFO","level_value":20000}
{"@timestamp":"2022-06-06T12:27:16.439+05:00","@version":"1","message":"error log","logger_name":"SpringBootMicrometerApplication","thread_name":"http-nio-8080-exec-7","level":"INFO","level_value":20000}
{"@timestamp":"2022-06-06T12:27:16.605+05:00","@version":"1","message":"error log","logger_name":"SpringBootMicrometerApplication","thread_name":"http-nio-8080-exec-6","level":"INFO","level_value":20000}
{"@timestamp":"2022-06-06T12:32:34.703+05:00","@version":"1","message":"error log","logger_name":"SpringBootMicrometerApplication","thread_name":"http-nio-8080-exec-4","level":"INFO","level_value":20000}
{"@timestamp":"2022-06-06T12:32:35.196+05:00","@version":"1","message":"error log","logger_name":"SpringBootMicrometerApplication","thread_name":"http-nio-8080-exec-5","level":"INFO","level_value":20000}
{"@timestamp":"2022-06-06T12:32:35.386+05:00","@version":"1","message":"error log","logger_name":"SpringBootMicrometerApplication","thread_name":"http-nio-8080-exec-9","level":"INFO","level_value":20000}
{"@timestamp":"2022-06-06T12:32:35.585+05:00","@version":"1","message":"error log","logger_name":"SpringBootMicrometerApplication","thread_name":"http-nio-8080-exec-7","level":"INFO","level_value":20000}
{"@timestamp":"2022-06-06T12:32:35.77+05:00","@version":"1","message":"error log","logger_name":"SpringBootMicrometerApplication","thread_name":"http-nio-8080-exec-6","level":"INFO","level_value":20000}
{"@timestamp":"2022-06-06T12:32:35.964+05:00","@version":"1","message":"error log","logger_name":"SpringBootMicrometerApplication","thread_name":"http-nio-8080-exec-8","level":"INFO","level_value":20000}
{"@timestamp":"2022-06-06T12:32:36.147+05:00","@version":"1","message":"error log","logger_name":"SpringBootMicrometerApplication","thread_name":"http-nio-8080-exec-10","level":"INFO","level_value":20000}
{"@timestamp":"2022-06-06T12:33:37.376+05:00","@version":"1","message":"error log","logger_name":"SpringBootMicrometerApplication","thread_name":"http-nio-8080-exec-5","level":"INFO","level_value":20000}
{"@timestamp":"2022-06-06T12:33:37.816+05:00","@version":"1","message":"error log","logger_name":"SpringBootMicrometerApplication","thread_name":"http-nio-8080-exec-9","level":"INFO","level_value":20000}
{"@timestamp":"2022-06-06T12:33:38.232+05:00","@version":"1","message":"error log","logger_name":"SpringBootMicrometerApplication","thread_name":"http-nio-8080-exec-7","level":"INFO","level_value":20000}
{"@timestamp":"2022-06-06T12:34:37.147+05:00","@version":"1","message":"error log","logger_name":"SpringBootMicrometerApplication","thread_name":"http-nio-8080-exec-10","level":"INFO","level_value":20000}
{"@timestamp":"2022-06-06T12:34:37.356+05:00","@version":"1","message":"error log","logger_name":"SpringBootMicrometerApplication","thread_name":"http-nio-8080-exec-2","level":"INFO","level_value":20000}
{"@timestamp":"2022-06-06T12:37:05.913+05:00","@version":"1","message":"error log","logger_name":"SpringBootMicrometerApplication","thread_name":"http-nio-8080-exec-1","level":"INFO","level_value":20000}
{"@timestamp":"2022-06-06T12:37:06.141+05:00","@version":"1","message":"error log","logger_name":"SpringBootMicrometerApplication","thread_name":"http-nio-8080-exec-3","level":"INFO","level_value":20000}
{"@timestamp":"2022-06-06T12:37:06.347+05:00","@version":"1","message":"error log","logger_name":"SpringBootMicrometerApplication","thread_name":"http-nio-8080-exec-4","level":"INFO","level_value":20000}
{"@timestamp":"2022-06-06T12:37:06.542+05:00","@version":"1","message":"error log","logger_name":"SpringBootMicrometerApplication","thread_name":"http-nio-8080-exec-5","level":"INFO","level_value":20000}
{"@timestamp":"2022-06-06T12:37:06.749+05:00","@version":"1","message":"error log","logger_name":"SpringBootMicrometerApplication","thread_name":"http-nio-8080-exec-9","level":"INFO","level_value":20000}
{"@timestamp":"2022-06-06T12:37:06.96+05:00","@version":"1","message":"error log","logger_name":"SpringBootMicrometerApplication","thread_name":"http-nio-8080-exec-6","level":"INFO","level_value":20000}
{"@timestamp":"2022-06-06T12:37:07.214+05:00","@version":"1","message":"error log","logger_name":"SpringBootMicrometerApplication","thread_name":"http-nio-8080-exec-8","level":"INFO","level_value":20000}
{"@timestamp":"2022-06-06T12:37:07.579+05:00","@version":"1","message":"error log","logger_name":"SpringBootMicrometerApplication","thread_name":"http-nio-8080-exec-10","level":"INFO","level_value":20000}
{"@timestamp":"2022-06-06T12:37:58.049+05:00","@version":"1","message":"error log","logger_name":"SpringBootMicrometerApplication","thread_name":"http-nio-8080-exec-2","level":"INFO","level_value":20000}
{"@timestamp":"2022-06-06T12:37:58.3+05:00","@version":"1","message":"error log","logger_name":"SpringBootMicrometerApplication","thread_name":"http-nio-8080-exec-1","level":"INFO","level_value":20000}
{"@timestamp":"2022-06-06T12:37:58.513+05:00","@version":"1","message":"error log","logger_name":"SpringBootMicrometerApplication","thread_name":"http-nio-8080-exec-3","level":"INFO","level_value":20000}
{"@timestamp":"2022-06-06T12:37:58.742+05:00","@version":"1","message":"error log","logger_name":"SpringBootMicrometerApplication","thread_name":"http-nio-8080-exec-4","level":"INFO","level_value":20000}
{"@timestamp":"2022-06-06T12:42:13.07+05:00","@version":"1","message":"error log","logger_name":"SpringBootMicrometerApplication","thread_name":"http-nio-8080-exec-6","level":"INFO","level_value":20000}
{"@timestamp":"2022-06-06T12:42:13.868+05:00","@version":"1","message":"error log","logger_name":"SpringBootMicrometerApplication","thread_name":"http-nio-8080-exec-7","level":"INFO","level_value":20000}
{"@timestamp":"2022-06-06T12:42:14.094+05:00","@version":"1","message":"error log","logger_name":"SpringBootMicrometerApplication","thread_name":"http-nio-8080-exec-8","level":"INFO","level_value":20000}
{"@timestamp":"2022-06-06T12:42:14.329+05:00","@version":"1","message":"error log","logger_name":"SpringBootMicrometerApplication","thread_name":"http-nio-8080-exec-10","level":"INFO","level_value":20000}
{"@timestamp":"2022-06-06T12:42:14.885+05:00","@version":"1","message":"error log","logger_name":"SpringBootMicrometerApplication","thread_name":"http-nio-8080-exec-2","level":"INFO","level_value":20000}
{"@timestamp":"2022-06-06T12:42:15.111+05:00","@version":"1","message":"error log","logger_name":"SpringBootMicrometerApplication","thread_name":"http-nio-8080-exec-1","level":"INFO","level_value":20000}
{"@timestamp":"2022-06-06T12:42:15.312+05:00","@version":"1","message":"error log","logger_name":"SpringBootMicrometerApplication","thread_name":"http-nio-8080-exec-3","level":"INFO","level_value":20000}
{"@timestamp":"2022-06-06T12:42:15.509+05:00","@version":"1","message":"error log","logger_name":"SpringBootMicrometerApplication","thread_name":"http-nio-8080-exec-4","level":"INFO","level_value":20000}
{"@timestamp":"2022-06-06T12:42:15.849+05:00","@version":"1","message":"error log","logger_name":"SpringBootMicrometerApplication","thread_name":"http-nio-8080-exec-5","level":"INFO","level_value":20000}
{"@timestamp":"2022-06-06T12:42:16.101+05:00","@version":"1","message":"error log","logger_name":"SpringBootMicrometerApplication","thread_name":"http-nio-8080-exec-9","level":"INFO","level_value":20000}
{"@timestamp":"2022-06-06T12:45:09.558+05:00","@version":"1","message":"Shutting down ExecutorService 'applicationTaskExecutor'","logger_name":"org.springframework.scheduling.concurrent.ThreadPoolTaskExecutor","thread_name":"Thread-4","level":"INFO","level_value":20000}
{"@timestamp":"2022-06-06T12:48:56.058+05:00","@version":"1","message":"request [PUT http://localhost:9200/persondata/person/e32ca4e3-fd08-4b99-ae90-0f6e4710ce18?timeout=1m] returned 1 warnings: [299 Elasticsearch-7.5.2-8bec50e1e0ad29dad5653712cf3bb580cd1afcdf \"[types removal] Specifying types in document index requests is deprecated, use the typeless endpoints instead (/{index}/_doc/{id}, /{index}/_doc, or /{index}/_create/{id}).\"]","logger_name":"org.elasticsearch.client.RestClient","thread_name":"I/O dispatcher 1","level":"WARN","level_value":30000}
{"@timestamp":"2022-06-06T12:48:56.868+05:00","@version":"1","message":"Tomcat initialized with port(s): 8080 (http)","logger_name":"org.springframework.boot.web.embedded.tomcat.TomcatWebServer","thread_name":"main","level":"INFO","level_value":20000}
{"@timestamp":"2022-06-06T12:48:56.877+05:00","@version":"1","message":"Initializing ProtocolHandler [\"http-nio-8080\"]","logger_name":"org.apache.coyote.http11.Http11NioProtocol","thread_name":"main","level":"INFO","level_value":20000}
{"@timestamp":"2022-06-06T12:48:56.884+05:00","@version":"1","message":"Starting service [Tomcat]","logger_name":"org.apache.catalina.core.StandardService","thread_name":"main","level":"INFO","level_value":20000}
{"@timestamp":"2022-06-06T12:48:56.884+05:00","@version":"1","message":"Starting Servlet engine: [Apache Tomcat/9.0.14]","logger_name":"org.apache.catalina.core.StandardEngine","thread_name":"main","level":"INFO","level_value":20000}
{"@timestamp":"2022-06-06T12:48:56.888+05:00","@version":"1","message":"The APR based Apache Tomcat Native library which allows optimal performance in production environments was not found on the java.library.path: [C:\\Program Files\\Java\\jdk-17.0.2\\bin;C:\\Windows\\Sun\\Java\\bin;C:\\Windows\\system32;C:\\Windows;D:\\oracledb\\Clientinstall\\product\\18.0.0\\dbhomeXE\\bin;D:\\setups\\oracle1\\bin;D:\\setups\\oracle\\bin;C:\\Python310\\Scripts\\;C:\\Python310\\;C:\\Program Files\\Common Files\\Oracle\\Java\\javapath;C:\\Program Files (x86)\\Common Files\\Oracle\\Java\\javapath;C:\\Windows\\system32;C:\\Windows;C:\\Windows\\System32\\Wbem;C:\\Windows\\System32\\WindowsPowerShell\\v1.0\\;C:\\Windows\\System32\\OpenSSH\\;C:\\ProgramData\\chocolatey\\bin;C:\\Program Files\\TortoiseSVN\\bin;C:\\Program Files (x86)\\NVIDIA Corporation\\PhysX\\Common;C:\\Program Files\\NVIDIA Corporation\\NVIDIA NvDLISR;D:\\setups\\apache-maven-3.8.4\\bin;C:\\Program Files\\Git\\cmd;C:\\Program Files\\dotnet\\;C:\\Users\\mohammad.saqib\\AppData\\Roaming\\nvm;C:\\Program Files\\nodejs;C:\\Program Files\\Docker\\Docker\\resources\\bin;C:\\ProgramData\\DockerDesktop\\version-bin;C:\\Users\\mohammad.saqib\\AppData\\Local\\Microsoft\\WindowsApps;C:\\Users\\mohammad.saqib\\AppData\\Roaming\\npm;C:\\Microsoft VS Code\\bin;C:\\Program Files\\JetBrains\\IntelliJ IDEA 2021.3.2\\bin;C:\\Users\\mohammad.saqib\\AppData\\Local\\GitHubDesktop\\bin;.]","logger_name":"org.apache.catalina.core.AprLifecycleListener","thread_name":"main","level":"INFO","level_value":20000}
{"@timestamp":"2022-06-06T12:48:56.965+05:00","@version":"1","message":"Initializing Spring embedded WebApplicationContext","logger_name":"org.apache.catalina.core.ContainerBase.[Tomcat].[localhost].[/]","thread_name":"main","level":"INFO","level_value":20000}
{"@timestamp":"2022-06-06T12:48:56.965+05:00","@version":"1","message":"Root WebApplicationContext: initialization completed in 733 ms","logger_name":"org.springframework.web.context.ContextLoader","thread_name":"main","level":"INFO","level_value":20000}
{"@timestamp":"2022-06-06T12:48:57.267+05:00","@version":"1","message":"Initializing ExecutorService 'applicationTaskExecutor'","logger_name":"org.springframework.scheduling.concurrent.ThreadPoolTaskExecutor","thread_name":"main","level":"INFO","level_value":20000}
{"@timestamp":"2022-06-06T12:48:57.433+05:00","@version":"1","message":"Exposing 16 endpoint(s) beneath base path '/actuator'","logger_name":"org.springframework.boot.actuate.endpoint.web.EndpointLinksResolver","thread_name":"main","level":"INFO","level_value":20000}
{"@timestamp":"2022-06-06T12:48:57.469+05:00","@version":"1","message":"Starting ProtocolHandler [\"http-nio-8080\"]","logger_name":"org.apache.coyote.http11.Http11NioProtocol","thread_name":"main","level":"INFO","level_value":20000}
{"@timestamp":"2022-06-06T12:48:57.483+05:00","@version":"1","message":"Tomcat started on port(s): 8080 (http) with context path ''","logger_name":"org.springframework.boot.web.embedded.tomcat.TomcatWebServer","thread_name":"main","level":"INFO","level_value":20000}
{"@timestamp":"2022-06-06T12:48:57.627+05:00","@version":"1","message":"Initializing Spring DispatcherServlet 'dispatcherServlet'","logger_name":"org.apache.catalina.core.ContainerBase.[Tomcat].[localhost].[/]","thread_name":"RMI TCP Connection(1)-172.28.40.5","level":"INFO","level_value":20000}
{"@timestamp":"2022-06-06T12:48:57.627+05:00","@version":"1","message":"Initializing Servlet 'dispatcherServlet'","logger_name":"org.springframework.web.servlet.DispatcherServlet","thread_name":"RMI TCP Connection(1)-172.28.40.5","level":"INFO","level_value":20000}
{"@timestamp":"2022-06-06T12:48:57.631+05:00","@version":"1","message":"Completed initialization in 4 ms","logger_name":"org.springframework.web.servlet.DispatcherServlet","thread_name":"RMI TCP Connection(1)-172.28.40.5","level":"INFO","level_value":20000}
{"@timestamp":"2022-06-06T12:49:04.334+05:00","@version":"1","message":"alag say log","logger_name":"SpringBootMicrometerApplication","thread_name":"http-nio-8080-exec-3","level":"INFO","level_value":20000}
{"@timestamp":"2022-06-06T12:49:04.502+05:00","@version":"1","message":"alag say log","logger_name":"SpringBootMicrometerApplication","thread_name":"http-nio-8080-exec-4","level":"INFO","level_value":20000}
{"@timestamp":"2022-06-06T12:49:04.7+05:00","@version":"1","message":"alag say log","logger_name":"SpringBootMicrometerApplication","thread_name":"http-nio-8080-exec-5","level":"INFO","level_value":20000}
{"@timestamp":"2022-06-06T12:49:19.465+05:00","@version":"1","message":"alag say log","logger_name":"SpringBootMicrometerApplication","thread_name":"http-nio-8080-exec-9","level":"INFO","level_value":20000}
{"@timestamp":"2022-06-06T12:49:19.969+05:00","@version":"1","message":"alag say log","logger_name":"SpringBootMicrometerApplication","thread_name":"http-nio-8080-exec-10","level":"INFO","level_value":20000}
{"@timestamp":"2022-06-06T12:49:20.387+05:00","@version":"1","message":"alag say log","logger_name":"SpringBootMicrometerApplication","thread_name":"http-nio-8080-exec-1","level":"INFO","level_value":20000}
{"@timestamp":"2022-06-06T12:49:20.789+05:00","@version":"1","message":"alag say log","logger_name":"SpringBootMicrometerApplication","thread_name":"http-nio-8080-exec-2","level":"INFO","level_value":20000}
{"@timestamp":"2022-06-06T12:49:47.766+05:00","@version":"1","message":"Shutting down ExecutorService 'applicationTaskExecutor'","logger_name":"org.springframework.scheduling.concurrent.ThreadPoolTaskExecutor","thread_name":"Thread-4","level":"INFO","level_value":20000}
{"@timestamp":"2022-06-06T12:49:50.15+05:00","@version":"1","message":"request [PUT http://localhost:9200/persondata/person/b63d48df-2dec-4535-aff5-e596731d15be?timeout=1m] returned 1 warnings: [299 Elasticsearch-7.5.2-8bec50e1e0ad29dad5653712cf3bb580cd1afcdf \"[types removal] Specifying types in document index requests is deprecated, use the typeless endpoints instead (/{index}/_doc/{id}, /{index}/_doc, or /{index}/_create/{id}).\"]","logger_name":"org.elasticsearch.client.RestClient","thread_name":"I/O dispatcher 1","level":"WARN","level_value":30000}
{"@timestamp":"2022-06-06T12:49:50.958+05:00","@version":"1","message":"Tomcat initialized with port(s): 8080 (http)","logger_name":"org.springframework.boot.web.embedded.tomcat.TomcatWebServer","thread_name":"main","level":"INFO","level_value":20000}
{"@timestamp":"2022-06-06T12:49:50.967+05:00","@version":"1","message":"Initializing ProtocolHandler [\"http-nio-8080\"]","logger_name":"org.apache.coyote.http11.Http11NioProtocol","thread_name":"main","level":"INFO","level_value":20000}
{"@timestamp":"2022-06-06T12:49:50.974+05:00","@version":"1","message":"Starting service [Tomcat]","logger_name":"org.apache.catalina.core.StandardService","thread_name":"main","level":"INFO","level_value":20000}
{"@timestamp":"2022-06-06T12:49:50.975+05:00","@version":"1","message":"Starting Servlet engine: [Apache Tomcat/9.0.14]","logger_name":"org.apache.catalina.core.StandardEngine","thread_name":"main","level":"INFO","level_value":20000}
{"@timestamp":"2022-06-06T12:49:50.978+05:00","@version":"1","message":"The APR based Apache Tomcat Native library which allows optimal performance in production environments was not found on the java.library.path: [C:\\Program Files\\Java\\jdk-17.0.2\\bin;C:\\Windows\\Sun\\Java\\bin;C:\\Windows\\system32;C:\\Windows;D:\\oracledb\\Clientinstall\\product\\18.0.0\\dbhomeXE\\bin;D:\\setups\\oracle1\\bin;D:\\setups\\oracle\\bin;C:\\Python310\\Scripts\\;C:\\Python310\\;C:\\Program Files\\Common Files\\Oracle\\Java\\javapath;C:\\Program Files (x86)\\Common Files\\Oracle\\Java\\javapath;C:\\Windows\\system32;C:\\Windows;C:\\Windows\\System32\\Wbem;C:\\Windows\\System32\\WindowsPowerShell\\v1.0\\;C:\\Windows\\System32\\OpenSSH\\;C:\\ProgramData\\chocolatey\\bin;C:\\Program Files\\TortoiseSVN\\bin;C:\\Program Files (x86)\\NVIDIA Corporation\\PhysX\\Common;C:\\Program Files\\NVIDIA Corporation\\NVIDIA NvDLISR;D:\\setups\\apache-maven-3.8.4\\bin;C:\\Program Files\\Git\\cmd;C:\\Program Files\\dotnet\\;C:\\Users\\mohammad.saqib\\AppData\\Roaming\\nvm;C:\\Program Files\\nodejs;C:\\Program Files\\Docker\\Docker\\resources\\bin;C:\\ProgramData\\DockerDesktop\\version-bin;C:\\Users\\mohammad.saqib\\AppData\\Local\\Microsoft\\WindowsApps;C:\\Users\\mohammad.saqib\\AppData\\Roaming\\npm;C:\\Microsoft VS Code\\bin;C:\\Program Files\\JetBrains\\IntelliJ IDEA 2021.3.2\\bin;C:\\Users\\mohammad.saqib\\AppData\\Local\\GitHubDesktop\\bin;.]","logger_name":"org.apache.catalina.core.AprLifecycleListener","thread_name":"main","level":"INFO","level_value":20000}
{"@timestamp":"2022-06-06T12:49:51.054+05:00","@version":"1","message":"Initializing Spring embedded WebApplicationContext","logger_name":"org.apache.catalina.core.ContainerBase.[Tomcat].[localhost].[/]","thread_name":"main","level":"INFO","level_value":20000}
{"@timestamp":"2022-06-06T12:49:51.054+05:00","@version":"1","message":"Root WebApplicationContext: initialization completed in 726 ms","logger_name":"org.springframework.web.context.ContextLoader","thread_name":"main","level":"INFO","level_value":20000}
{"@timestamp":"2022-06-06T12:49:51.344+05:00","@version":"1","message":"Initializing ExecutorService 'applicationTaskExecutor'","logger_name":"org.springframework.scheduling.concurrent.ThreadPoolTaskExecutor","thread_name":"main","level":"INFO","level_value":20000}
{"@timestamp":"2022-06-06T12:49:51.507+05:00","@version":"1","message":"Exposing 16 endpoint(s) beneath base path '/actuator'","logger_name":"org.springframework.boot.actuate.endpoint.web.EndpointLinksResolver","thread_name":"main","level":"INFO","level_value":20000}
{"@timestamp":"2022-06-06T12:49:51.533+05:00","@version":"1","message":"Starting ProtocolHandler [\"http-nio-8080\"]","logger_name":"org.apache.coyote.http11.Http11NioProtocol","thread_name":"main","level":"INFO","level_value":20000}
{"@timestamp":"2022-06-06T12:49:51.546+05:00","@version":"1","message":"Tomcat started on port(s): 8080 (http) with context path ''","logger_name":"org.springframework.boot.web.embedded.tomcat.TomcatWebServer","thread_name":"main","level":"INFO","level_value":20000}
{"@timestamp":"2022-06-06T12:49:51.705+05:00","@version":"1","message":"Initializing Spring DispatcherServlet 'dispatcherServlet'","logger_name":"org.apache.catalina.core.ContainerBase.[Tomcat].[localhost].[/]","thread_name":"RMI TCP Connection(1)-172.28.40.5","level":"INFO","level_value":20000}
{"@timestamp":"2022-06-06T12:49:51.705+05:00","@version":"1","message":"Initializing Servlet 'dispatcherServlet'","logger_name":"org.springframework.web.servlet.DispatcherServlet","thread_name":"RMI TCP Connection(1)-172.28.40.5","level":"INFO","level_value":20000}
{"@timestamp":"2022-06-06T12:49:51.712+05:00","@version":"1","message":"Completed initialization in 7 ms","logger_name":"org.springframework.web.servlet.DispatcherServlet","thread_name":"RMI TCP Connection(1)-172.28.40.5","level":"INFO","level_value":20000}
{"@timestamp":"2022-06-06T12:50:26.841+05:00","@version":"1","message":"alag say log","logger_name":"SpringBootMicrometerApplication","thread_name":"http-nio-8080-exec-8","level":"INFO","level_value":20000}
{"@timestamp":"2022-06-06T12:50:27.031+05:00","@version":"1","message":"alag say log","logger_name":"SpringBootMicrometerApplication","thread_name":"http-nio-8080-exec-10","level":"INFO","level_value":20000}
{"@timestamp":"2022-06-06T12:50:27.272+05:00","@version":"1","message":"alag say log","logger_name":"SpringBootMicrometerApplication","thread_name":"http-nio-8080-exec-1","level":"INFO","level_value":20000}
{"@timestamp":"2022-06-06T12:50:27.495+05:00","@version":"1","message":"alag say log","logger_name":"SpringBootMicrometerApplication","thread_name":"http-nio-8080-exec-2","level":"INFO","level_value":20000}
{"@timestamp":"2022-06-06T12:50:27.685+05:00","@version":"1","message":"alag say log","logger_name":"SpringBootMicrometerApplication","thread_name":"http-nio-8080-exec-3","level":"INFO","level_value":20000}
{"@timestamp":"2022-06-06T12:50:27.872+05:00","@version":"1","message":"alag say log","logger_name":"SpringBootMicrometerApplication","thread_name":"http-nio-8080-exec-4","level":"INFO","level_value":20000}
{"@timestamp":"2022-06-06T12:50:28.067+05:00","@version":"1","message":"alag say log","logger_name":"SpringBootMicrometerApplication","thread_name":"http-nio-8080-exec-5","level":"INFO","level_value":20000}
{"@timestamp":"2022-06-06T12:50:34.218+05:00","@version":"1","message":"Shutting down ExecutorService 'applicationTaskExecutor'","logger_name":"org.springframework.scheduling.concurrent.ThreadPoolTaskExecutor","thread_name":"Thread-4","level":"INFO","level_value":20000}
{"@timestamp":"2022-06-06T12:50:41.305+05:00","@version":"1","message":"request [PUT http://localhost:9200/persondata/person/3067208b-87ac-48fb-a755-231dabf15aeb?timeout=1m] returned 1 warnings: [299 Elasticsearch-7.5.2-8bec50e1e0ad29dad5653712cf3bb580cd1afcdf \"[types removal] Specifying types in document index requests is deprecated, use the typeless endpoints instead (/{index}/_doc/{id}, /{index}/_doc, or /{index}/_create/{id}).\"]","logger_name":"org.elasticsearch.client.RestClient","thread_name":"I/O dispatcher 1","level":"WARN","level_value":30000}
{"@timestamp":"2022-06-06T12:50:42.109+05:00","@version":"1","message":"Tomcat initialized with port(s): 8080 (http)","logger_name":"org.springframework.boot.web.embedded.tomcat.TomcatWebServer","thread_name":"main","level":"INFO","level_value":20000}
{"@timestamp":"2022-06-06T12:50:42.118+05:00","@version":"1","message":"Initializing ProtocolHandler [\"http-nio-8080\"]","logger_name":"org.apache.coyote.http11.Http11NioProtocol","thread_name":"main","level":"INFO","level_value":20000}
{"@timestamp":"2022-06-06T12:50:42.124+05:00","@version":"1","message":"Starting service [Tomcat]","logger_name":"org.apache.catalina.core.StandardService","thread_name":"main","level":"INFO","level_value":20000}
{"@timestamp":"2022-06-06T12:50:42.125+05:00","@version":"1","message":"Starting Servlet engine: [Apache Tomcat/9.0.14]","logger_name":"org.apache.catalina.core.StandardEngine","thread_name":"main","level":"INFO","level_value":20000}
{"@timestamp":"2022-06-06T12:50:42.128+05:00","@version":"1","message":"The APR based Apache Tomcat Native library which allows optimal performance in production environments was not found on the java.library.path: [C:\\Program Files\\Java\\jdk-17.0.2\\bin;C:\\Windows\\Sun\\Java\\bin;C:\\Windows\\system32;C:\\Windows;D:\\oracledb\\Clientinstall\\product\\18.0.0\\dbhomeXE\\bin;D:\\setups\\oracle1\\bin;D:\\setups\\oracle\\bin;C:\\Python310\\Scripts\\;C:\\Python310\\;C:\\Program Files\\Common Files\\Oracle\\Java\\javapath;C:\\Program Files (x86)\\Common Files\\Oracle\\Java\\javapath;C:\\Windows\\system32;C:\\Windows;C:\\Windows\\System32\\Wbem;C:\\Windows\\System32\\WindowsPowerShell\\v1.0\\;C:\\Windows\\System32\\OpenSSH\\;C:\\ProgramData\\chocolatey\\bin;C:\\Program Files\\TortoiseSVN\\bin;C:\\Program Files (x86)\\NVIDIA Corporation\\PhysX\\Common;C:\\Program Files\\NVIDIA Corporation\\NVIDIA NvDLISR;D:\\setups\\apache-maven-3.8.4\\bin;C:\\Program Files\\Git\\cmd;C:\\Program Files\\dotnet\\;C:\\Users\\mohammad.saqib\\AppData\\Roaming\\nvm;C:\\Program Files\\nodejs;C:\\Program Files\\Docker\\Docker\\resources\\bin;C:\\ProgramData\\DockerDesktop\\version-bin;C:\\Users\\mohammad.saqib\\AppData\\Local\\Microsoft\\WindowsApps;C:\\Users\\mohammad.saqib\\AppData\\Roaming\\npm;C:\\Microsoft VS Code\\bin;C:\\Program Files\\JetBrains\\IntelliJ IDEA 2021.3.2\\bin;C:\\Users\\mohammad.saqib\\AppData\\Local\\GitHubDesktop\\bin;.]","logger_name":"org.apache.catalina.core.AprLifecycleListener","thread_name":"main","level":"INFO","level_value":20000}
{"@timestamp":"2022-06-06T12:50:42.2+05:00","@version":"1","message":"Initializing Spring embedded WebApplicationContext","logger_name":"org.apache.catalina.core.ContainerBase.[Tomcat].[localhost].[/]","thread_name":"main","level":"INFO","level_value":20000}
{"@timestamp":"2022-06-06T12:50:42.2+05:00","@version":"1","message":"Root WebApplicationContext: initialization completed in 724 ms","logger_name":"org.springframework.web.context.ContextLoader","thread_name":"main","level":"INFO","level_value":20000}
{"@timestamp":"2022-06-06T12:50:42.522+05:00","@version":"1","message":"Initializing ExecutorService 'applicationTaskExecutor'","logger_name":"org.springframework.scheduling.concurrent.ThreadPoolTaskExecutor","thread_name":"main","level":"INFO","level_value":20000}
{"@timestamp":"2022-06-06T12:50:42.709+05:00","@version":"1","message":"Exposing 16 endpoint(s) beneath base path '/actuator'","logger_name":"org.springframework.boot.actuate.endpoint.web.EndpointLinksResolver","thread_name":"main","level":"INFO","level_value":20000}
{"@timestamp":"2022-06-06T12:50:42.736+05:00","@version":"1","message":"Starting ProtocolHandler [\"http-nio-8080\"]","logger_name":"org.apache.coyote.http11.Http11NioProtocol","thread_name":"main","level":"INFO","level_value":20000}
{"@timestamp":"2022-06-06T12:50:42.748+05:00","@version":"1","message":"Tomcat started on port(s): 8080 (http) with context path ''","logger_name":"org.springframework.boot.web.embedded.tomcat.TomcatWebServer","thread_name":"main","level":"INFO","level_value":20000}
{"@timestamp":"2022-06-06T12:50:42.891+05:00","@version":"1","message":"Initializing Spring DispatcherServlet 'dispatcherServlet'","logger_name":"org.apache.catalina.core.ContainerBase.[Tomcat].[localhost].[/]","thread_name":"RMI TCP Connection(3)-172.28.40.5","level":"INFO","level_value":20000}
{"@timestamp":"2022-06-06T12:50:42.891+05:00","@version":"1","message":"Initializing Servlet 'dispatcherServlet'","logger_name":"org.springframework.web.servlet.DispatcherServlet","thread_name":"RMI TCP Connection(3)-172.28.40.5","level":"INFO","level_value":20000}
{"@timestamp":"2022-06-06T12:50:42.895+05:00","@version":"1","message":"Completed initialization in 4 ms","logger_name":"org.springframework.web.servlet.DispatcherServlet","thread_name":"RMI TCP Connection(3)-172.28.40.5","level":"INFO","level_value":20000}
{"@timestamp":"2022-06-06T12:51:52.348+05:00","@version":"1","message":"Shutting down ExecutorService 'applicationTaskExecutor'","logger_name":"org.springframework.scheduling.concurrent.ThreadPoolTaskExecutor","thread_name":"Thread-4","level":"INFO","level_value":20000}
{"@timestamp":"2022-06-06T12:51:57.971+05:00","@version":"1","message":"request [PUT http://localhost:9200/persondata/person/88737d70-7fc6-4388-9152-5079c1738768?timeout=1m] returned 1 warnings: [299 Elasticsearch-7.5.2-8bec50e1e0ad29dad5653712cf3bb580cd1afcdf \"[types removal] Specifying types in document index requests is deprecated, use the typeless endpoints instead (/{index}/_doc/{id}, /{index}/_doc, or /{index}/_create/{id}).\"]","logger_name":"org.elasticsearch.client.RestClient","thread_name":"I/O dispatcher 1","level":"WARN","level_value":30000}
{"@timestamp":"2022-06-06T12:51:58.78+05:00","@version":"1","message":"Tomcat initialized with port(s): 8080 (http)","logger_name":"org.springframework.boot.web.embedded.tomcat.TomcatWebServer","thread_name":"main","level":"INFO","level_value":20000}
{"@timestamp":"2022-06-06T12:51:58.791+05:00","@version":"1","message":"Initializing ProtocolHandler [\"http-nio-8080\"]","logger_name":"org.apache.coyote.http11.Http11NioProtocol","thread_name":"main","level":"INFO","level_value":20000}
{"@timestamp":"2022-06-06T12:51:58.797+05:00","@version":"1","message":"Starting service [Tomcat]","logger_name":"org.apache.catalina.core.StandardService","thread_name":"main","level":"INFO","level_value":20000}
{"@timestamp":"2022-06-06T12:51:58.797+05:00","@version":"1","message":"Starting Servlet engine: [Apache Tomcat/9.0.14]","logger_name":"org.apache.catalina.core.StandardEngine","thread_name":"main","level":"INFO","level_value":20000}
{"@timestamp":"2022-06-06T12:51:58.801+05:00","@version":"1","message":"The APR based Apache Tomcat Native library which allows optimal performance in production environments was not found on the java.library.path: [C:\\Program Files\\Java\\jdk-17.0.2\\bin;C:\\Windows\\Sun\\Java\\bin;C:\\Windows\\system32;C:\\Windows;D:\\oracledb\\Clientinstall\\product\\18.0.0\\dbhomeXE\\bin;D:\\setups\\oracle1\\bin;D:\\setups\\oracle\\bin;C:\\Python310\\Scripts\\;C:\\Python310\\;C:\\Program Files\\Common Files\\Oracle\\Java\\javapath;C:\\Program Files (x86)\\Common Files\\Oracle\\Java\\javapath;C:\\Windows\\system32;C:\\Windows;C:\\Windows\\System32\\Wbem;C:\\Windows\\System32\\WindowsPowerShell\\v1.0\\;C:\\Windows\\System32\\OpenSSH\\;C:\\ProgramData\\chocolatey\\bin;C:\\Program Files\\TortoiseSVN\\bin;C:\\Program Files (x86)\\NVIDIA Corporation\\PhysX\\Common;C:\\Program Files\\NVIDIA Corporation\\NVIDIA NvDLISR;D:\\setups\\apache-maven-3.8.4\\bin;C:\\Program Files\\Git\\cmd;C:\\Program Files\\dotnet\\;C:\\Users\\mohammad.saqib\\AppData\\Roaming\\nvm;C:\\Program Files\\nodejs;C:\\Program Files\\Docker\\Docker\\resources\\bin;C:\\ProgramData\\DockerDesktop\\version-bin;C:\\Users\\mohammad.saqib\\AppData\\Local\\Microsoft\\WindowsApps;C:\\Users\\mohammad.saqib\\AppData\\Roaming\\npm;C:\\Microsoft VS Code\\bin;C:\\Program Files\\JetBrains\\IntelliJ IDEA 2021.3.2\\bin;C:\\Users\\mohammad.saqib\\AppData\\Local\\GitHubDesktop\\bin;.]","logger_name":"org.apache.catalina.core.AprLifecycleListener","thread_name":"main","level":"INFO","level_value":20000}
{"@timestamp":"2022-06-06T12:51:58.873+05:00","@version":"1","message":"Initializing Spring embedded WebApplicationContext","logger_name":"org.apache.catalina.core.ContainerBase.[Tomcat].[localhost].[/]","thread_name":"main","level":"INFO","level_value":20000}
{"@timestamp":"2022-06-06T12:51:58.873+05:00","@version":"1","message":"Root WebApplicationContext: initialization completed in 703 ms","logger_name":"org.springframework.web.context.ContextLoader","thread_name":"main","level":"INFO","level_value":20000}
{"@timestamp":"2022-06-06T12:51:59.171+05:00","@version":"1","message":"Initializing ExecutorService 'applicationTaskExecutor'","logger_name":"org.springframework.scheduling.concurrent.ThreadPoolTaskExecutor","thread_name":"main","level":"INFO","level_value":20000}
{"@timestamp":"2022-06-06T12:51:59.339+05:00","@version":"1","message":"Exposing 16 endpoint(s) beneath base path '/actuator'","logger_name":"org.springframework.boot.actuate.endpoint.web.EndpointLinksResolver","thread_name":"main","level":"INFO","level_value":20000}
{"@timestamp":"2022-06-06T12:51:59.366+05:00","@version":"1","message":"Starting ProtocolHandler [\"http-nio-8080\"]","logger_name":"org.apache.coyote.http11.Http11NioProtocol","thread_name":"main","level":"INFO","level_value":20000}
{"@timestamp":"2022-06-06T12:51:59.38+05:00","@version":"1","message":"Tomcat started on port(s): 8080 (http) with context path ''","logger_name":"org.springframework.boot.web.embedded.tomcat.TomcatWebServer","thread_name":"main","level":"INFO","level_value":20000}
{"@timestamp":"2022-06-06T12:51:59.525+05:00","@version":"1","message":"Initializing Spring DispatcherServlet 'dispatcherServlet'","logger_name":"org.apache.catalina.core.ContainerBase.[Tomcat].[localhost].[/]","thread_name":"RMI TCP Connection(3)-172.28.40.5","level":"INFO","level_value":20000}
{"@timestamp":"2022-06-06T12:51:59.525+05:00","@version":"1","message":"Initializing Servlet 'dispatcherServlet'","logger_name":"org.springframework.web.servlet.DispatcherServlet","thread_name":"RMI TCP Connection(3)-172.28.40.5","level":"INFO","level_value":20000}
{"@timestamp":"2022-06-06T12:51:59.528+05:00","@version":"1","message":"Completed initialization in 3 ms","logger_name":"org.springframework.web.servlet.DispatcherServlet","thread_name":"RMI TCP Connection(3)-172.28.40.5","level":"INFO","level_value":20000}
{"@timestamp":"2022-06-06T12:54:37.225+05:00","@version":"1","message":"alag say log","logger_name":"SpringBootMicrometerApplication","thread_name":"http-nio-8080-exec-3","level":"INFO","level_value":20000}
{"@timestamp":"2022-06-06T12:54:37.401+05:00","@version":"1","message":"alag say log","logger_name":"SpringBootMicrometerApplication","thread_name":"http-nio-8080-exec-4","level":"INFO","level_value":20000}
{"@timestamp":"2022-06-06T12:54:37.588+05:00","@version":"1","message":"alag say log","logger_name":"SpringBootMicrometerApplication","thread_name":"http-nio-8080-exec-5","level":"INFO","level_value":20000}
{"@timestamp":"2022-06-06T12:54:37.762+05:00","@version":"1","message":"alag say log","logger_name":"SpringBootMicrometerApplication","thread_name":"http-nio-8080-exec-6","level":"INFO","level_value":20000}
{"@timestamp":"2022-06-06T12:55:05.059+05:00","@version":"1","message":"alag say log","logger_name":"SpringBootMicrometerApplication","thread_name":"http-nio-8080-exec-2","level":"INFO","level_value":20000}
{"@timestamp":"2022-06-06T12:55:05.235+05:00","@version":"1","message":"alag say log","logger_name":"SpringBootMicrometerApplication","thread_name":"http-nio-8080-exec-3","level":"INFO","level_value":20000}
{"@timestamp":"2022-06-06T12:55:05.436+05:00","@version":"1","message":"alag say log","logger_name":"SpringBootMicrometerApplication","thread_name":"http-nio-8080-exec-4","level":"INFO","level_value":20000}
{"@timestamp":"2022-06-06T12:55:05.625+05:00","@version":"1","message":"alag say log","logger_name":"SpringBootMicrometerApplication","thread_name":"http-nio-8080-exec-5","level":"INFO","level_value":20000}
{"@timestamp":"2022-06-06T12:56:09.127+05:00","@version":"1","message":"alag say log","logger_name":"SpringBootMicrometerApplication","thread_name":"http-nio-8080-exec-10","level":"INFO","level_value":20000}
{"@timestamp":"2022-06-06T12:59:24.383+05:00","@version":"1","message":"Shutting down ExecutorService 'applicationTaskExecutor'","logger_name":"org.springframework.scheduling.concurrent.ThreadPoolTaskExecutor","thread_name":"Thread-4","level":"INFO","level_value":20000}
{"@timestamp":"2022-06-06T13:00:05.972+05:00","@version":"1","message":"request [PUT http://localhost:9200/persondata/person/066c484a-4927-47ab-9a3c-0cef5e2028c4?timeout=1m] returned 1 warnings: [299 Elasticsearch-7.5.2-8bec50e1e0ad29dad5653712cf3bb580cd1afcdf \"[types removal] Specifying types in document index requests is deprecated, use the typeless endpoints instead (/{index}/_doc/{id}, /{index}/_doc, or /{index}/_create/{id}).\"]","logger_name":"org.elasticsearch.client.RestClient","thread_name":"I/O dispatcher 1","level":"WARN","level_value":30000}
{"@timestamp":"2022-06-06T13:00:06.756+05:00","@version":"1","message":"Tomcat initialized with port(s): 8080 (http)","logger_name":"org.springframework.boot.web.embedded.tomcat.TomcatWebServer","thread_name":"main","level":"INFO","level_value":20000}
{"@timestamp":"2022-06-06T13:00:06.764+05:00","@version":"1","message":"Initializing ProtocolHandler [\"http-nio-8080\"]","logger_name":"org.apache.coyote.http11.Http11NioProtocol","thread_name":"main","level":"INFO","level_value":20000}
{"@timestamp":"2022-06-06T13:00:06.77+05:00","@version":"1","message":"Starting service [Tomcat]","logger_name":"org.apache.catalina.core.StandardService","thread_name":"main","level":"INFO","level_value":20000}
{"@timestamp":"2022-06-06T13:00:06.771+05:00","@version":"1","message":"Starting Servlet engine: [Apache Tomcat/9.0.14]","logger_name":"org.apache.catalina.core.StandardEngine","thread_name":"main","level":"INFO","level_value":20000}
{"@timestamp":"2022-06-06T13:00:06.774+05:00","@version":"1","message":"The APR based Apache Tomcat Native library which allows optimal performance in production environments was not found on the java.library.path: [C:\\Program Files\\Java\\jdk-17.0.2\\bin;C:\\Windows\\Sun\\Java\\bin;C:\\Windows\\system32;C:\\Windows;D:\\oracledb\\Clientinstall\\product\\18.0.0\\dbhomeXE\\bin;D:\\setups\\oracle1\\bin;D:\\setups\\oracle\\bin;C:\\Python310\\Scripts\\;C:\\Python310\\;C:\\Program Files\\Common Files\\Oracle\\Java\\javapath;C:\\Program Files (x86)\\Common Files\\Oracle\\Java\\javapath;C:\\Windows\\system32;C:\\Windows;C:\\Windows\\System32\\Wbem;C:\\Windows\\System32\\WindowsPowerShell\\v1.0\\;C:\\Windows\\System32\\OpenSSH\\;C:\\ProgramData\\chocolatey\\bin;C:\\Program Files\\TortoiseSVN\\bin;C:\\Program Files (x86)\\NVIDIA Corporation\\PhysX\\Common;C:\\Program Files\\NVIDIA Corporation\\NVIDIA NvDLISR;D:\\setups\\apache-maven-3.8.4\\bin;C:\\Program Files\\Git\\cmd;C:\\Program Files\\dotnet\\;C:\\Users\\mohammad.saqib\\AppData\\Roaming\\nvm;C:\\Program Files\\nodejs;C:\\Program Files\\Docker\\Docker\\resources\\bin;C:\\ProgramData\\DockerDesktop\\version-bin;C:\\Users\\mohammad.saqib\\AppData\\Local\\Microsoft\\WindowsApps;C:\\Users\\mohammad.saqib\\AppData\\Roaming\\npm;C:\\Microsoft VS Code\\bin;C:\\Program Files\\JetBrains\\IntelliJ IDEA 2021.3.2\\bin;C:\\Users\\mohammad.saqib\\AppData\\Local\\GitHubDesktop\\bin;.]","logger_name":"org.apache.catalina.core.AprLifecycleListener","thread_name":"main","level":"INFO","level_value":20000}
{"@timestamp":"2022-06-06T13:00:06.854+05:00","@version":"1","message":"Initializing Spring embedded WebApplicationContext","logger_name":"org.apache.catalina.core.ContainerBase.[Tomcat].[localhost].[/]","thread_name":"main","level":"INFO","level_value":20000}
{"@timestamp":"2022-06-06T13:00:06.854+05:00","@version":"1","message":"Root WebApplicationContext: initialization completed in 696 ms","logger_name":"org.springframework.web.context.ContextLoader","thread_name":"main","level":"INFO","level_value":20000}
{"@timestamp":"2022-06-06T13:00:07.164+05:00","@version":"1","message":"Initializing ExecutorService 'applicationTaskExecutor'","logger_name":"org.springframework.scheduling.concurrent.ThreadPoolTaskExecutor","thread_name":"main","level":"INFO","level_value":20000}
{"@timestamp":"2022-06-06T13:00:07.356+05:00","@version":"1","message":"Exposing 16 endpoint(s) beneath base path '/actuator'","logger_name":"org.springframework.boot.actuate.endpoint.web.EndpointLinksResolver","thread_name":"main","level":"INFO","level_value":20000}
{"@timestamp":"2022-06-06T13:00:07.385+05:00","@version":"1","message":"Starting ProtocolHandler [\"http-nio-8080\"]","logger_name":"org.apache.coyote.http11.Http11NioProtocol","thread_name":"main","level":"INFO","level_value":20000}
{"@timestamp":"2022-06-06T13:00:07.397+05:00","@version":"1","message":"Tomcat started on port(s): 8080 (http) with context path ''","logger_name":"org.springframework.boot.web.embedded.tomcat.TomcatWebServer","thread_name":"main","level":"INFO","level_value":20000}
{"@timestamp":"2022-06-06T13:00:07.433+05:00","@version":"1","message":"Initializing Spring DispatcherServlet 'dispatcherServlet'","logger_name":"org.apache.catalina.core.ContainerBase.[Tomcat].[localhost].[/]","thread_name":"http-nio-8080-exec-1","level":"INFO","level_value":20000}
{"@timestamp":"2022-06-06T13:00:07.433+05:00","@version":"1","message":"Initializing Servlet 'dispatcherServlet'","logger_name":"org.springframework.web.servlet.DispatcherServlet","thread_name":"http-nio-8080-exec-1","level":"INFO","level_value":20000}
{"@timestamp":"2022-06-06T13:00:07.437+05:00","@version":"1","message":"Completed initialization in 4 ms","logger_name":"org.springframework.web.servlet.DispatcherServlet","thread_name":"http-nio-8080-exec-1","level":"INFO","level_value":20000}
{"@timestamp":"2022-06-06T13:00:12.713+05:00","@version":"1","message":"alag say log","logger_name":"SpringBootMicrometerApplication","thread_name":"http-nio-8080-exec-3","level":"INFO","level_value":20000}
{"@timestamp":"2022-06-06T13:00:18.157+05:00","@version":"1","message":"alag say log","logger_name":"SpringBootMicrometerApplication","thread_name":"http-nio-8080-exec-5","level":"INFO","level_value":20000}
{"@timestamp":"2022-06-06T13:00:18.653+05:00","@version":"1","message":"alag say log","logger_name":"SpringBootMicrometerApplication","thread_name":"http-nio-8080-exec-6","level":"INFO","level_value":20000}
{"@timestamp":"2022-06-06T13:00:19.191+05:00","@version":"1","message":"alag say log","logger_name":"SpringBootMicrometerApplication","thread_name":"http-nio-8080-exec-7","level":"INFO","level_value":20000}
{"@timestamp":"2022-06-06T13:00:36.629+05:00","@version":"1","message":"alag say log","logger_name":"SpringBootMicrometerApplication","thread_name":"http-nio-8080-exec-1","level":"INFO","level_value":20000}
{"@timestamp":"2022-06-06T13:00:36.862+05:00","@version":"1","message":"alag say log","logger_name":"SpringBootMicrometerApplication","thread_name":"http-nio-8080-exec-2","level":"INFO","level_value":20000}
{"@timestamp":"2022-06-06T13:01:06.507+05:00","@version":"1","message":"alag say log","logger_name":"SpringBootMicrometerApplication","thread_name":"http-nio-8080-exec-9","level":"INFO","level_value":20000}
{"@timestamp":"2022-06-06T13:01:47.498+05:00","@version":"1","message":"Shutting down ExecutorService 'applicationTaskExecutor'","logger_name":"org.springframework.scheduling.concurrent.ThreadPoolTaskExecutor","thread_name":"Thread-4","level":"INFO","level_value":20000}
{"@timestamp":"2022-06-06T13:01:50.141+05:00","@version":"1","message":"request [PUT http://localhost:9200/persondata/person/5e3e8ef9-e5be-48e1-b24f-501a58a88763?timeout=1m] returned 1 warnings: [299 Elasticsearch-7.5.2-8bec50e1e0ad29dad5653712cf3bb580cd1afcdf \"[types removal] Specifying types in document index requests is deprecated, use the typeless endpoints instead (/{index}/_doc/{id}, /{index}/_doc, or /{index}/_create/{id}).\"]","logger_name":"org.elasticsearch.client.RestClient","thread_name":"I/O dispatcher 1","level":"WARN","level_value":30000}
{"@timestamp":"2022-06-06T13:01:50.932+05:00","@version":"1","message":"Tomcat initialized with port(s): 8080 (http)","logger_name":"org.springframework.boot.web.embedded.tomcat.TomcatWebServer","thread_name":"main","level":"INFO","level_value":20000}
{"@timestamp":"2022-06-06T13:01:50.941+05:00","@version":"1","message":"Initializing ProtocolHandler [\"http-nio-8080\"]","logger_name":"org.apache.coyote.http11.Http11NioProtocol","thread_name":"main","level":"INFO","level_value":20000}
{"@timestamp":"2022-06-06T13:01:50.947+05:00","@version":"1","message":"Starting service [Tomcat]","logger_name":"org.apache.catalina.core.StandardService","thread_name":"main","level":"INFO","level_value":20000}
{"@timestamp":"2022-06-06T13:01:50.948+05:00","@version":"1","message":"Starting Servlet engine: [Apache Tomcat/9.0.14]","logger_name":"org.apache.catalina.core.StandardEngine","thread_name":"main","level":"INFO","level_value":20000}
{"@timestamp":"2022-06-06T13:01:50.951+05:00","@version":"1","message":"The APR based Apache Tomcat Native library which allows optimal performance in production environments was not found on the java.library.path: [C:\\Program Files\\Java\\jdk-17.0.2\\bin;C:\\Windows\\Sun\\Java\\bin;C:\\Windows\\system32;C:\\Windows;D:\\oracledb\\Clientinstall\\product\\18.0.0\\dbhomeXE\\bin;D:\\setups\\oracle1\\bin;D:\\setups\\oracle\\bin;C:\\Python310\\Scripts\\;C:\\Python310\\;C:\\Program Files\\Common Files\\Oracle\\Java\\javapath;C:\\Program Files (x86)\\Common Files\\Oracle\\Java\\javapath;C:\\Windows\\system32;C:\\Windows;C:\\Windows\\System32\\Wbem;C:\\Windows\\System32\\WindowsPowerShell\\v1.0\\;C:\\Windows\\System32\\OpenSSH\\;C:\\ProgramData\\chocolatey\\bin;C:\\Program Files\\TortoiseSVN\\bin;C:\\Program Files (x86)\\NVIDIA Corporation\\PhysX\\Common;C:\\Program Files\\NVIDIA Corporation\\NVIDIA NvDLISR;D:\\setups\\apache-maven-3.8.4\\bin;C:\\Program Files\\Git\\cmd;C:\\Program Files\\dotnet\\;C:\\Users\\mohammad.saqib\\AppData\\Roaming\\nvm;C:\\Program Files\\nodejs;C:\\Program Files\\Docker\\Docker\\resources\\bin;C:\\ProgramData\\DockerDesktop\\version-bin;C:\\Users\\mohammad.saqib\\AppData\\Local\\Microsoft\\WindowsApps;C:\\Users\\mohammad.saqib\\AppData\\Roaming\\npm;C:\\Microsoft VS Code\\bin;C:\\Program Files\\JetBrains\\IntelliJ IDEA 2021.3.2\\bin;C:\\Users\\mohammad.saqib\\AppData\\Local\\GitHubDesktop\\bin;.]","logger_name":"org.apache.catalina.core.AprLifecycleListener","thread_name":"main","level":"INFO","level_value":20000}
{"@timestamp":"2022-06-06T13:01:51.033+05:00","@version":"1","message":"Initializing Spring embedded WebApplicationContext","logger_name":"org.apache.catalina.core.ContainerBase.[Tomcat].[localhost].[/]","thread_name":"main","level":"INFO","level_value":20000}
{"@timestamp":"2022-06-06T13:01:51.035+05:00","@version":"1","message":"Root WebApplicationContext: initialization completed in 706 ms","logger_name":"org.springframework.web.context.ContextLoader","thread_name":"main","level":"INFO","level_value":20000}
{"@timestamp":"2022-06-06T13:01:51.341+05:00","@version":"1","message":"Initializing ExecutorService 'applicationTaskExecutor'","logger_name":"org.springframework.scheduling.concurrent.ThreadPoolTaskExecutor","thread_name":"main","level":"INFO","level_value":20000}
{"@timestamp":"2022-06-06T13:01:51.505+05:00","@version":"1","message":"Exposing 16 endpoint(s) beneath base path '/actuator'","logger_name":"org.springframework.boot.actuate.endpoint.web.EndpointLinksResolver","thread_name":"main","level":"INFO","level_value":20000}
{"@timestamp":"2022-06-06T13:01:51.537+05:00","@version":"1","message":"Starting ProtocolHandler [\"http-nio-8080\"]","logger_name":"org.apache.coyote.http11.Http11NioProtocol","thread_name":"main","level":"INFO","level_value":20000}
{"@timestamp":"2022-06-06T13:01:51.549+05:00","@version":"1","message":"Tomcat started on port(s): 8080 (http) with context path ''","logger_name":"org.springframework.boot.web.embedded.tomcat.TomcatWebServer","thread_name":"main","level":"INFO","level_value":20000}
{"@timestamp":"2022-06-06T13:01:51.7+05:00","@version":"1","message":"Initializing Spring DispatcherServlet 'dispatcherServlet'","logger_name":"org.apache.catalina.core.ContainerBase.[Tomcat].[localhost].[/]","thread_name":"RMI TCP Connection(3)-172.28.40.5","level":"INFO","level_value":20000}
{"@timestamp":"2022-06-06T13:01:51.7+05:00","@version":"1","message":"Initializing Servlet 'dispatcherServlet'","logger_name":"org.springframework.web.servlet.DispatcherServlet","thread_name":"RMI TCP Connection(3)-172.28.40.5","level":"INFO","level_value":20000}
{"@timestamp":"2022-06-06T13:01:51.704+05:00","@version":"1","message":"Completed initialization in 4 ms","logger_name":"org.springframework.web.servlet.DispatcherServlet","thread_name":"RMI TCP Connection(3)-172.28.40.5","level":"INFO","level_value":20000}
{"@timestamp":"2022-06-06T13:02:07.407+05:00","@version":"1","message":"alag say log","logger_name":"SpringBootMicrometerApplication","thread_name":"http-nio-8080-exec-5","level":"INFO","level_value":20000}
{"@timestamp":"2022-06-06T13:03:51.165+05:00","@version":"1","message":"alag say log","logger_name":"SpringBootMicrometerApplication","thread_name":"http-nio-8080-exec-7","level":"INFO","level_value":20000}
{"@timestamp":"2022-06-06T13:03:51.539+05:00","@version":"1","message":"alag say log","logger_name":"SpringBootMicrometerApplication","thread_name":"http-nio-8080-exec-8","level":"INFO","level_value":20000}
{"@timestamp":"2022-06-06T13:03:51.949+05:00","@version":"1","message":"alag say log","logger_name":"SpringBootMicrometerApplication","thread_name":"http-nio-8080-exec-10","level":"INFO","level_value":20000}
{"@timestamp":"2022-06-06T13:03:52.331+05:00","@version":"1","message":"alag say log","logger_name":"SpringBootMicrometerApplication","thread_name":"http-nio-8080-exec-1","level":"INFO","level_value":20000}
{"@timestamp":"2022-06-06T13:03:52.737+05:00","@version":"1","message":"alag say log","logger_name":"SpringBootMicrometerApplication","thread_name":"http-nio-8080-exec-2","level":"INFO","level_value":20000}
{"@timestamp":"2022-06-06T13:06:05.507+05:00","@version":"1","message":"Shutting down ExecutorService 'applicationTaskExecutor'","logger_name":"org.springframework.scheduling.concurrent.ThreadPoolTaskExecutor","thread_name":"Thread-4","level":"INFO","level_value":20000}
